<?xml version="1.0" encoding="UTF-8"?>
<testsuite name="Buscar en Bing con datos desde el feature" tests="3" skipped="0" failures="0" errors="0" timestamp="2019-04-02T01:52:17" hostname="LAPTOP-LAFQ684S" time="23.313">
  <properties/>
  <testcase name="Buscar en Bing" classname="Buscar en Bing con datos desde el feature" time="5.346"/>
  <testcase name="Buscar en Bing" classname="Buscar en Bing con datos desde el feature" time="3.228"/>
  <testcase name="Buscar en Bing" classname="Buscar en Bing con datos desde el feature" time="14.713"/>
  <system-out><![CDATA[






verifica








verifica








verifica

]]></system-out>
  <system-err><![CDATA[Started InternetExplorerDriver server (32-bit)
3.9.0.0
Listening on port 29765
Only local connections are allowed
abr 01, 2019 8:52:20 PM org.openqa.selenium.remote.ProtocolHandshake createSession
INFORMACIÓN: Detected dialect: W3C
abr 01, 2019 8:52:23 PM org.openqa.selenium.remote.ProtocolHandshake createSession
INFORMACIÓN: Detected dialect: W3C
abr 01, 2019 8:52:27 PM org.openqa.selenium.remote.ProtocolHandshake createSession
INFORMACIÓN: Detected dialect: W3C
]]></system-err>
</testsuite>
